<?xml version="1.0" encoding="UTF-8"?>
<testsuite name="CarCollectionTest" tests="2" skipped="0" failures="0" errors="0" timestamp="2020-11-12T19:55:11" hostname="rrsee-MacBook-Pro.local" time="0.019">
  <properties/>
  <testcase name="testForeach" classname="CarCollectionTest" time="0.017"/>
  <testcase name="contains" classname="CarCollectionTest" time="0.002"/>
  <system-out><![CDATA[]]></system-out>
  <system-err><![CDATA[]]></system-err>
</testsuite>
