<?xml version="1.0" encoding="UTF-8"?>
<testsuite name="CarListTest" tests="12" skipped="0" failures="0" errors="0" timestamp="2020-11-12T15:52:57" hostname="rrsee-MacBook-Pro.local" time="0.024">
  <properties/>
  <testcase name="InsertIntoLastPosition" classname="CarListTest" time="0.016"/>
  <testcase name="whenAdded100ElementsThenSizeMustBe100" classname="CarListTest" time="0.0"/>
  <testcase name="methodGetReturnedRightValue" classname="CarListTest" time="0.0"/>
  <testcase name="containsMethodReturnsFalseIfElementDoesNotExist" classname="CarListTest" time="0.001"/>
  <testcase name="whenElementRemovedByIndexThenSizeMustBeDecreased" classname="CarListTest" time="0.0"/>
  <testcase name="InsertIntoFirstPosition" classname="CarListTest" time="0.0"/>
  <testcase name="whenListClearedThenSizeMustBe0" classname="CarListTest" time="0.001"/>
  <testcase name="whenIndexOutOfCollectionBoundsThenThrowException" classname="CarListTest" time="0.001"/>
  <testcase name="containsMethodReturnsTrueIfElementExists" classname="CarListTest" time="0.001"/>
  <testcase name="InsertIntoMiddle" classname="CarListTest" time="0.0"/>
  <testcase name="whenElementRemovedThenSizeMustBeDecreased" classname="CarListTest" time="0.0"/>
  <testcase name="whenNonExistentElementRemovedThenReturnFalse" classname="CarListTest" time="0.001"/>
  <system-out><![CDATA[]]></system-out>
  <system-err><![CDATA[]]></system-err>
</testsuite>
