<?xml version="1.0" encoding="UTF-8"?>
<testsuite name="CarListTest" tests="7" skipped="0" failures="0" errors="0" timestamp="2020-10-17T13:16:00" hostname="rrsee-MacBook-Pro.local" time="0.018">
  <properties/>
  <testcase name="whenAdded100ElementsThenSizeMustBe100" classname="CarListTest" time="0.014"/>
  <testcase name="methodGetReturnedRightValue" classname="CarListTest" time="0.001"/>
  <testcase name="whenElementRemovedByIndexThenSizeMustBeDecreased" classname="CarListTest" time="0.0"/>
  <testcase name="whenListClearedThenSizeMustBe0" classname="CarListTest" time="0.0"/>
  <testcase name="whenIndexOutOfCollectionBoundsThenThrowException" classname="CarListTest" time="0.001"/>
  <testcase name="whenElementRemovedThenSizeMustBeDecreased" classname="CarListTest" time="0.001"/>
  <testcase name="whenNonExistentElementRemovedThenReturnFalse" classname="CarListTest" time="0.0"/>
  <system-out><![CDATA[]]></system-out>
  <system-err><![CDATA[]]></system-err>
</testsuite>
