<?xml version="1.0" encoding="UTF-8"?>
<testsuite name="CarQueueTest" tests="3" skipped="0" failures="0" errors="0" timestamp="2020-11-28T11:06:54" hostname="rrsee-MacBook-Pro.local" time="0.019">
  <properties/>
  <testcase name="add" classname="CarQueueTest" time="0.018"/>
  <testcase name="peek" classname="CarQueueTest" time="0.0"/>
  <testcase name="poll" classname="CarQueueTest" time="0.0"/>
  <system-out><![CDATA[]]></system-out>
  <system-err><![CDATA[]]></system-err>
</testsuite>
